<?xml version="1.0" encoding="UTF-8"?>
<testsuite name="quadtree.MainTest" tests="1" skipped="0" failures="0" errors="0" timestamp="2019-11-16T13:58:21" hostname="Brads-MacBook-Pro.local" time="0.001">
  <properties/>
  <testcase name="appendEmptyString" classname="quadtree.MainTest" time="0.001"/>
  <system-out><![CDATA[]]></system-out>
  <system-err><![CDATA[]]></system-err>
</testsuite>
